<?xml version="1.0" encoding="UTF-8" ?>
<testsuite tests="20" failures="0" name="ru.sf.RunCucumberTest" time="112.624" errors="0" skipped="0">
  <properties>
[...]
</properties>
  <testcase classname="Check skillfactory.ru" name="chose StartPage adres" time="8.837"/>
  <testcase classname="Check skillfactory.ru" name="chose CoursesPage curses" time="4.665"/>
  <testcase classname="Check skillfactory.ru" name="chose chatAssistant" time="3.116"/>
  <testcase classname="Check skillfactory.ru" name="chose FreePage" time="5.115"/>
  <testcase classname="Check skillfactory.ru" name="chose PhoneNumber" time="3.638"/>
  <testcase classname="Check skillfactory.ru" name="chose CoursesDatascience" time="4.897"/>
  <testcase classname="Check skillfactory.ru" name="chose CoursesAnalitikaDannyh" time="5.278"/>
  <testcase classname="Check skillfactory.ru" name="chose CoursesProgrammirovanie" time="6.245"/>
  <testcase classname="Check skillfactory.ru" name="chose CoursesWebrazrabotka" time="5.444"/>
  <testcase classname="Check skillfactory.ru" name="chose CoursesBackendRazrabotka" time="6.106"/>
  <testcase classname="Check skillfactory.ru" name="chose CoursesTestirovanie" time="5.415"/>
  <testcase classname="Check skillfactory.ru" name="chose CoursesRazrabotkaMobilnyhPrilozheniy" time="6.253"/>
  <testcase classname="Check skillfactory.ru" name="chose CoursesKiberbezopasnost" time="6.31"/>
  <testcase classname="Check skillfactory.ru" name="chose CoursesInfrastructure" time="5.994"/>
  <testcase classname="Check skillfactory.ru" name="chose CoursesMarketing" time="6.408"/>
  <testcase classname="Check skillfactory.ru" name="chose CoursesRazrabotkaIgr" time="5.273"/>
  <testcase classname="Check skillfactory.ru" name="chose CoursesDesign" time="7.326"/>
  <testcase classname="Check skillfactory.ru" name="chose CoursesUpravlenie" time="6.451"/>
  <testcase classname="Check skillfactory.ru" name="chose PartnersPage" time="5.381"/>
  <testcase classname="Check skillfactory.ru" name="chose CorporatePage" time="4.472"/>
</testsuite>